[debug] [2020-06-11T11:57:42.938Z] ----------------------------------------------------------------------
[debug] [2020-06-11T11:57:42.940Z] Command:       /usr/local/bin/node /usr/local/bin/firebase login
[debug] [2020-06-11T11:57:42.941Z] CLI Version:   8.4.2
[debug] [2020-06-11T11:57:42.941Z] Platform:      linux
[debug] [2020-06-11T11:57:42.941Z] Node Version:  v12.16.3
[debug] [2020-06-11T11:57:42.941Z] Time:          Thu Jun 11 2020 20:57:42 GMT+0900 (Korean Standard Time)
[debug] [2020-06-11T11:57:42.942Z] ----------------------------------------------------------------------
[debug] [2020-06-11T11:57:42.942Z] 
[info] i  Firebase optionally collects CLI usage and error reporting information to help improve our products. Data is collected in accordance with Google's privacy policy (https://policies.google.com/privacy) and is not used to identify you.
 
[info] i  To change your data collection preference at any time, run `firebase logout` and log in again. 
[info] 
[info] Visit this URL on this device to log in:
[info] https://accounts.google.com/o/oauth2/auth?client_id=563584335869-fgrhgmd47bqnekij5i8b5pr03ho849e6.apps.googleusercontent.com&scope=email%20openid%20https%3A%2F%2Fwww.googleapis.com%2Fauth%2Fcloudplatformprojects.readonly%20https%3A%2F%2Fwww.googleapis.com%2Fauth%2Ffirebase%20https%3A%2F%2Fwww.googleapis.com%2Fauth%2Fcloud-platform&response_type=code&state=693807505&redirect_uri=http%3A%2F%2Flocalhost%3A9005
[info] 
[info] Waiting for authentication...
[debug] [2020-06-11T11:59:03.441Z] ----------------------------------------------------------------------
[debug] [2020-06-11T11:59:03.443Z] Command:       /usr/local/bin/node /usr/local/bin/firebase login
[debug] [2020-06-11T11:59:03.444Z] CLI Version:   8.4.2
[debug] [2020-06-11T11:59:03.444Z] Platform:      linux
[debug] [2020-06-11T11:59:03.444Z] Node Version:  v12.16.3
[debug] [2020-06-11T11:59:03.444Z] Time:          Thu Jun 11 2020 20:59:03 GMT+0900 (Korean Standard Time)
[debug] [2020-06-11T11:59:03.445Z] ----------------------------------------------------------------------
[debug] [2020-06-11T11:59:03.445Z] 
[info] i  Firebase optionally collects CLI usage and error reporting information to help improve our products. Data is collected in accordance with Google's privacy policy (https://policies.google.com/privacy) and is not used to identify you.
 
[info] 
[info] Visit this URL on this device to log in:
[info] https://accounts.google.com/o/oauth2/auth?client_id=563584335869-fgrhgmd47bqnekij5i8b5pr03ho849e6.apps.googleusercontent.com&scope=email%20openid%20https%3A%2F%2Fwww.googleapis.com%2Fauth%2Fcloudplatformprojects.readonly%20https%3A%2F%2Fwww.googleapis.com%2Fauth%2Ffirebase%20https%3A%2F%2Fwww.googleapis.com%2Fauth%2Fcloud-platform&response_type=code&state=39624377&redirect_uri=http%3A%2F%2Flocalhost%3A9005
[info] 
[info] Waiting for authentication...
